[debug] [2023-05-08T06:47:55.391Z] ----------------------------------------------------------------------
[debug] [2023-05-08T06:47:55.395Z] Command:       C:\Program Files\nodejs\node.exe C:\Users\Matias\AppData\Roaming\npm\node_modules\firebase-tools\lib\bin\firebase.js init
[debug] [2023-05-08T06:47:55.396Z] CLI Version:   11.30.0
[debug] [2023-05-08T06:47:55.396Z] Platform:      win32
[debug] [2023-05-08T06:47:55.396Z] Node Version:  v16.17.0
[debug] [2023-05-08T06:47:55.398Z] Time:          Mon May 08 2023 03:47:55 GMT-0300 (hora estándar de Argentina)
[debug] [2023-05-08T06:47:55.398Z] ----------------------------------------------------------------------
[debug] 
[debug] [2023-05-08T06:47:55.554Z] > command requires scopes: ["email","openid","https://www.googleapis.com/auth/cloudplatformprojects.readonly","https://www.googleapis.com/auth/firebase","https://www.googleapis.com/auth/cloud-platform"]
[debug] [2023-05-08T06:47:55.555Z] > authorizing via signed-in user (matiasc.02.2003@gmail.com)
[info] 
     ######## #### ########  ######## ########     ###     ######  ########
     ##        ##  ##     ## ##       ##     ##  ##   ##  ##       ##
     ######    ##  ########  ######   ########  #########  ######  ######
     ##        ##  ##    ##  ##       ##     ## ##     ##       ## ##
     ##       #### ##     ## ######## ########  ##     ##  ######  ########

You're about to initialize a Firebase project in this directory:

  C:\Users\Matias\Desktop\Work\Argentina-Programa\portfolio-frontend

Before we get started, keep in mind:

  * You are initializing within an existing Firebase project directory

[info] 
=== Project Setup
[info] 
[info] First, let's associate this project directory with a Firebase project.
[info] You can create multiple project aliases by running firebase use --add, 
[info] but for now we'll just set up a default project.
[info] 
[debug] [2023-05-08T06:48:00.176Z] Using project from CLI flag: portfolio-front-caa7e
[debug] [2023-05-08T06:48:00.178Z] > refreshing access token with scopes: []
[debug] [2023-05-08T06:48:00.183Z] >>> [apiv2][query] POST https://www.googleapis.com/oauth2/v3/token [none]
[debug] [2023-05-08T06:48:00.183Z] >>> [apiv2][body] POST https://www.googleapis.com/oauth2/v3/token [omitted]
[debug] [2023-05-08T06:48:00.636Z] <<< [apiv2][status] POST https://www.googleapis.com/oauth2/v3/token 200
[debug] [2023-05-08T06:48:00.636Z] <<< [apiv2][body] POST https://www.googleapis.com/oauth2/v3/token [omitted]
[debug] [2023-05-08T06:48:00.705Z] >>> [apiv2][query] GET https://firebase.googleapis.com/v1beta1/projects/portfolio-front-caa7e [none]
[debug] [2023-05-08T06:48:01.076Z] <<< [apiv2][status] GET https://firebase.googleapis.com/v1beta1/projects/portfolio-front-caa7e 200
[debug] [2023-05-08T06:48:01.077Z] <<< [apiv2][body] GET https://firebase.googleapis.com/v1beta1/projects/portfolio-front-caa7e {"projectId":"portfolio-front-caa7e","projectNumber":"186541871258","displayName":"portfolio-front","name":"projects/portfolio-front-caa7e","resources":{"hostingSite":"portfolio-front-caa7e"},"state":"ACTIVE","etag":"1_8ec2aa97-cd4a-4daa-bedd-0fea484e94c5"}
[info] i  Using project portfolio-front-caa7e (portfolio-front) 
[info] 
=== Hosting Setup
[info] 
[info] Your public directory is the folder (relative to your project directory) that
[info] will contain Hosting assets to be uploaded with firebase deploy. If you
[info] have a build process for your assets, use your build's output directory.
[info] 
